{
  "/Users/I528928/Desktop/Serverless_App/Serverless_App/handler.js": {
    "path": "/Users/I528928/Desktop/Serverless_App/Serverless_App/handler.js",
    "statementMap": {
      "0": {
        "start": { "line": 1, "column": 0 },
        "end": { "line": 6, "column": 4 }
      },
      "1": {
        "start": { "line": 2, "column": 4 },
        "end": { "line": 5, "column": 6 }
      }
    },
    "fnMap": {
      "0": {
        "name": "(anonymous_0)",
        "decl": {
          "start": { "line": 1, "column": 23 },
          "end": { "line": 1, "column": 24 }
        },
        "loc": {
          "start": { "line": 1, "column": 35 },
          "end": { "line": 6, "column": 3 }
        },
        "line": 1
      }
    },
    "branchMap": {},
    "s": { "0": 1, "1": 1 },
    "f": { "0": 1 },
    "b": {},
    "_coverageSchema": "1a1c01bbd47fc00a2c39e90264f33305004495a9",
    "hash": "eee8189ecf49a5edb63f7d899d041ffd0b0da504"
  }
}
